[2025-03-02T08:22:14.891+0100] {local_task_job_runner.py:123} INFO - ::group::Pre task execution logs
[2025-03-02T08:22:14.901+0100] {taskinstance.py:2614} INFO - Dependencies all met for dep_context=non-requeueable deps ti=<TaskInstance: data_transform_dag.transform_sex_to_char manual__2025-03-02T07:22:09.042347+00:00 [queued]>
[2025-03-02T08:22:14.907+0100] {taskinstance.py:2614} INFO - Dependencies all met for dep_context=requeueable deps ti=<TaskInstance: data_transform_dag.transform_sex_to_char manual__2025-03-02T07:22:09.042347+00:00 [queued]>
[2025-03-02T08:22:14.907+0100] {taskinstance.py:2867} INFO - Starting attempt 1 of 2
[2025-03-02T08:22:14.922+0100] {taskinstance.py:2890} INFO - Executing <Task(SQLExecuteQueryOperator): transform_sex_to_char> on 2025-03-02 07:22:09.042347+00:00
[2025-03-02T08:22:14.924+0100] {standard_task_runner.py:72} INFO - Started process 110542 to run task
[2025-03-02T08:22:14.926+0100] {standard_task_runner.py:104} INFO - Running: ['airflow', 'tasks', 'run', 'data_transform_dag', 'transform_sex_to_char', 'manual__2025-03-02T07:22:09.042347+00:00', '--job-id', '95', '--raw', '--subdir', 'DAGS_FOLDER/sqlite_data_transform_dag.py', '--cfg-path', '/tmp/tmpbhif875s']
[2025-03-02T08:22:14.927+0100] {standard_task_runner.py:105} INFO - Job 95: Subtask transform_sex_to_char
[2025-03-02T08:22:14.956+0100] {task_command.py:467} INFO - Running <TaskInstance: data_transform_dag.transform_sex_to_char manual__2025-03-02T07:22:09.042347+00:00 [running]> on host FURBIFY-PTM1PMR.
[2025-03-02T08:22:15.015+0100] {taskinstance.py:3134} INFO - Exporting env vars: AIRFLOW_CTX_DAG_OWNER='savlino' AIRFLOW_CTX_DAG_ID='data_transform_dag' AIRFLOW_CTX_TASK_ID='transform_sex_to_char' AIRFLOW_CTX_EXECUTION_DATE='2025-03-02T07:22:09.042347+00:00' AIRFLOW_CTX_TRY_NUMBER='1' AIRFLOW_CTX_DAG_RUN_ID='manual__2025-03-02T07:22:09.042347+00:00'
[2025-03-02T08:22:15.016+0100] {taskinstance.py:732} INFO - ::endgroup::
[2025-03-02T08:22:15.029+0100] {sql.py:295} INFO - Executing: 
            UPDATE climbers_table
            SET sex = CASE
                WHEN sex = 0 THEN 'M'
                WHEN sex = 1 THEN 'F'
                ELSE sex
            END;
        
[2025-03-02T08:22:15.033+0100] {base.py:84} INFO - Retrieving connection 'sqlite_default'
[2025-03-02T08:22:15.047+0100] {base.py:84} INFO - Retrieving connection 'sqlite_default'
[2025-03-02T08:22:15.047+0100] {sql.py:624} INFO - Running statement: 
            UPDATE climbers_table
            SET sex = CASE
                WHEN sex = 0 THEN 'M'
                WHEN sex = 1 THEN 'F'
                ELSE sex
            END;
        , parameters: None
[2025-03-02T08:22:15.052+0100] {sql.py:633} INFO - Rows affected: 10927
[2025-03-02T08:22:15.055+0100] {logging_mixin.py:190} WARNING - /home/savlino/airflow_venv/lib/python3.12/site-packages/airflow/providers/common/sql/hooks/sql.py:583 DeprecationWarning: Import of fetch_all_handler from the 'airflow.providers.common.sql.hooks' module is deprecated and will
be removed in the future. Please import it from 'airflow.providers.common.sql.hooks.handlers'.
[2025-03-02T08:22:15.056+0100] {logging_mixin.py:190} WARNING - /home/savlino/airflow_venv/lib/python3.12/site-packages/airflow/providers/common/sql/operators/sql.py:311 DeprecationWarning: Import of return_single_query_results from the 'airflow.providers.common.sql.hooks' module is deprecated and will
be removed in the future. Please import it from 'airflow.providers.common.sql.hooks.handlers'.
[2025-03-02T08:22:15.058+0100] {taskinstance.py:341} INFO - ::group::Post task execution logs
[2025-03-02T08:22:15.059+0100] {taskinstance.py:353} INFO - Marking task as SUCCESS. dag_id=data_transform_dag, task_id=transform_sex_to_char, run_id=manual__2025-03-02T07:22:09.042347+00:00, execution_date=20250302T072209, start_date=20250302T072214, end_date=20250302T072215
[2025-03-02T08:22:15.099+0100] {local_task_job_runner.py:266} INFO - Task exited with return code 0
[2025-03-02T08:22:15.117+0100] {taskinstance.py:3901} INFO - 1 downstream tasks scheduled from follow-on schedule check
[2025-03-02T08:22:15.124+0100] {local_task_job_runner.py:245} INFO - ::endgroup::
